# JRE version: OpenJDK Runtime Environment Temurin-21.0.1+12 (21.0.1+12) (build 21.0.1+12-LTS)
# Java VM: OpenJDK 64-Bit Server VM Temurin-21.0.1+12 (21.0.1+12-LTS, mixed mode, sharing, tiered, compressed oops, compressed class ptrs, g1 gc, windows-amd64)
GC Precious Log:
 CardTable entry size: 512
 Card Set container configuration: InlinePtr #cards 4 size 8 Array Of Cards #cards 32 size 80 Howl #buckets 8 coarsen threshold 7372 Howl Bitmap #cards 1024 size 144 coarsen threshold 921 Card regions per heap region 1 cards per card region 8192
 CPUs: 8 total, 8 available
 Memory: 7957M
 Large Page Support: Disabled
 NUMA Support: Disabled
 Compressed Oops: Enabled (Zero based)
 Heap Region Size: 4M
 Heap Min Capacity: 812M
 Heap Initial Capacity: 812M
 Heap Max Capacity: 6G
 Pre-touch: Disabled
 Parallel Workers: 4
 Concurrent Workers: 1
 Concurrent Refinement Workers: 4
 Periodic GC: Disabled
 String Deduplication is enabled
Heap:
 garbage-first heap   total 831488K, used 78515K [0x0000000680000000, 0x0000000800000000)
  region size 4096K, 2 young (8192K), 0 survivors (0K)
 Metaspace       used 58326K, committed 58816K, reserved 1114112K
  class space    used 7712K, committed 7936K, reserved 1048576K
GC Heap History (18 events):
Event: 2.403 GC heap before
{Heap before GC invocations=0 (full 0):
 garbage-first heap   total 831488K, used 77824K [0x0000000680000000, 0x0000000800000000)
  region size 4096K, 20 young (81920K), 0 survivors (0K)
 Metaspace       used 7480K, committed 7744K, reserved 1114112K
  class space    used 654K, committed 768K, reserved 1048576K
}
Event: 2.420 GC heap after
{Heap after GC invocations=1 (full 0):
 garbage-first heap   total 831488K, used 20064K [0x0000000680000000, 0x0000000800000000)
  region size 4096K, 3 young (12288K), 3 survivors (12288K)
 Metaspace       used 7480K, committed 7744K, reserved 1114112K
  class space    used 654K, committed 768K, reserved 1048576K
}
Event: 8.682 GC heap before
{Heap before GC invocations=1 (full 0):
 garbage-first heap   total 831488K, used 93792K [0x0000000680000000, 0x0000000800000000)
  region size 4096K, 20 young (81920K), 3 survivors (12288K)
 Metaspace       used 20374K, committed 20608K, reserved 1114112K
  class space    used 2051K, committed 2176K, reserved 1048576K
}
Event: 8.704 GC heap after
{Heap after GC invocations=2 (full 0):
 garbage-first heap   total 831488K, used 30546K [0x0000000680000000, 0x0000000800000000)
  region size 4096K, 3 young (12288K), 3 survivors (12288K)
 Metaspace       used 20374K, committed 20608K, reserved 1114112K
  class space    used 2051K, committed 2176K, reserved 1048576K
}
Event: 8.983 GC heap before
{Heap before GC invocations=2 (full 0):
 garbage-first heap   total 831488K, used 38738K [0x0000000680000000, 0x0000000800000000)
  region size 4096K, 6 young (24576K), 3 survivors (12288K)
 Metaspace       used 21291K, committed 21504K, reserved 1114112K
  class space    used 2168K, committed 2304K, reserved 1048576K
}
Event: 9.003 GC heap after
{Heap after GC invocations=3 (full 0):
 garbage-first heap   total 831488K, used 31923K [0x0000000680000000, 0x0000000800000000)
  region size 4096K, 1 young (4096K), 1 survivors (4096K)
 Metaspace       used 21291K, committed 21504K, reserved 1114112K
  class space    used 2168K, committed 2304K, reserved 1048576K
}
Event: 13.858 GC heap before
{Heap before GC invocations=4 (full 0):
 garbage-first heap   total 831488K, used 126131K [0x0000000680000000, 0x0000000800000000)
  region size 4096K, 13 young (53248K), 1 survivors (4096K)
 Metaspace       used 36127K, committed 36416K, reserved 1114112K
  class space    used 4256K, committed 4416K, reserved 1048576K
}
Event: 13.873 GC heap after
{Heap after GC invocations=5 (full 0):
 garbage-first heap   total 831488K, used 50635K [0x0000000680000000, 0x0000000800000000)
  region size 4096K, 2 young (8192K), 2 survivors (8192K)
 Metaspace       used 36127K, committed 36416K, reserved 1114112K
  class space    used 4256K, committed 4416K, reserved 1048576K
}
Event: 13.972 GC heap before
{Heap before GC invocations=5 (full 0):
 garbage-first heap   total 831488K, used 50635K [0x0000000680000000, 0x0000000800000000)
  region size 4096K, 3 young (12288K), 2 survivors (8192K)
 Metaspace       used 36468K, committed 36736K, reserved 1114112K
  class space    used 4326K, committed 4480K, reserved 1048576K
}
Event: 13.988 GC heap after
{Heap after GC invocations=6 (full 0):
 garbage-first heap   total 831488K, used 49568K [0x0000000680000000, 0x0000000800000000)
  region size 4096K, 1 young (4096K), 1 survivors (4096K)
 Metaspace       used 36468K, committed 36736K, reserved 1114112K
  class space    used 4326K, committed 4480K, reserved 1048576K
}
Event: 14.156 GC heap before
{Heap before GC invocations=6 (full 0):
 garbage-first heap   total 831488K, used 49568K [0x0000000680000000, 0x0000000800000000)
  region size 4096K, 3 young (12288K), 1 survivors (4096K)
 Metaspace       used 36831K, committed 37056K, reserved 1114112K
  class space    used 4348K, committed 4480K, reserved 1048576K
}
Event: 14.161 GC heap after
{Heap after GC invocations=7 (full 0):
 garbage-first heap   total 831488K, used 49888K [0x0000000680000000, 0x0000000800000000)
  region size 4096K, 1 young (4096K), 1 survivors (4096K)
 Metaspace       used 36831K, committed 37056K, reserved 1114112K
  class space    used 4348K, committed 4480K, reserved 1048576K
}
Event: 22.423 GC heap before
{Heap before GC invocations=8 (full 0):
 garbage-first heap   total 831488K, used 123616K [0x0000000680000000, 0x0000000800000000)
  region size 4096K, 20 young (81920K), 1 survivors (4096K)
 Metaspace       used 47102K, committed 47488K, reserved 1114112K
  class space    used 5952K, committed 6144K, reserved 1048576K
}
Event: 22.451 GC heap after
{Heap after GC invocations=9 (full 0):
 garbage-first heap   total 831488K, used 60935K [0x0000000680000000, 0x0000000800000000)
  region size 4096K, 3 young (12288K), 3 survivors (12288K)
 Metaspace       used 47102K, committed 47488K, reserved 1114112K
  class space    used 5952K, committed 6144K, reserved 1048576K
}
Event: 27.270 GC heap before
{Heap before GC invocations=9 (full 0):
 garbage-first heap   total 831488K, used 130567K [0x0000000680000000, 0x0000000800000000)
  region size 4096K, 20 young (81920K), 3 survivors (12288K)
 Metaspace       used 52027K, committed 52352K, reserved 1114112K
  class space    used 6777K, committed 6912K, reserved 1048576K
}
Event: 27.306 GC heap after
{Heap after GC invocations=10 (full 0):
 garbage-first heap   total 831488K, used 62113K [0x0000000680000000, 0x0000000800000000)
  region size 4096K, 2 young (8192K), 2 survivors (8192K)
 Metaspace       used 52027K, committed 52352K, reserved 1114112K
  class space    used 6777K, committed 6912K, reserved 1048576K
}
Event: 34.416 GC heap before
{Heap before GC invocations=10 (full 0):
 garbage-first heap   total 831488K, used 115361K [0x0000000680000000, 0x0000000800000000)
  region size 4096K, 15 young (61440K), 2 survivors (8192K)
 Metaspace       used 58218K, committed 58688K, reserved 1114112K
  class space    used 7712K, committed 7936K, reserved 1048576K
}
Event: 34.604 GC heap after
{Heap after GC invocations=11 (full 1):
 garbage-first heap   total 831488K, used 74419K [0x0000000680000000, 0x0000000800000000)
  region size 4096K, 0 young (0K), 0 survivors (0K)
 Metaspace       used 58218K, committed 58688K, reserved 1114112K
  class space    used 7712K, committed 7936K, reserved 1048576K
}

